#
# A fatal error has been detected by the Java Runtime Environment:
#
#  EXCEPTION_ACCESS_VIOLATION (0xc0000005) at pc=0x0000000074be9518, pid=6764, tid=0x000000000000101c
#
# JRE version: Java(TM) SE Runtime Environment (8.0_151-b12) (build 1.8.0_151-b12)
# Java VM: Java HotSpot(TM) 64-Bit Server VM (25.151-b12 mixed mode windows-amd64 compressed oops)
# Problematic frame:
# V  [jvm.dll+0x159518]
#
# Failed to write core dump. Minidumps are not enabled by default on client versions of Windows
#
# If you would like to submit a bug report, please visit:
#   http://bugreport.java.com/bugreport/crash.jsp
#

---------------  T H R E A D  ---------------

Current thread (0x0000000019c59000):  JavaThread "AWT-EventQueue-0" [_thread_in_vm, id=4124, stack(0x000000001abd0000,0x000000001acd0000)]

siginfo: ExceptionCode=0xc0000005, reading address 0x0000000000000000

Registers:
RAX=0x0000000000000000, RBX=0x0000000019c59000, RCX=0x0000000000000900, RDX=0x0000000000000000
RSP=0x000000001accc360, RBP=0x000000000108cd50, RSI=0x0000000000000000, RDI=0x0000000000000000
R8 =0x0000000000000000, R9 =0x00000000d603f470, R10=0x0000000001096120, R11=0x0000000000000000
R12=0x000000000109c2e0, R13=0x0000000000000000, R14=0x0000000019c591f8, R15=0x0000000000000000
RIP=0x0000000074be9518, EFLAGS=0x0000000000010246

Top of Stack: (sp=0x000000001accc360)
0x000000001accc360:   0000000000000040 000000001acccd18
0x000000001accc370:   0000000000000001 0000000019c591f8
0x000000001accc380:   0000ffcdcdcf8e44 0000000000000000
0x000000001accc390:   0000000001096450 0000000019c591f8
0x000000001accc3a0:   0000000019c59000 0000000074bcd838
0x000000001accc3b0:   000000001acccd18 0000000000000008
0x000000001accc3c0:   0000000001096450 0000000000000000
0x000000001accc3d0:   0000000000000000 00007fffb812c9be
0x000000001accc3e0:   0000000000000000 0000000000000000
0x000000001accc3f0:   000000001acccd18 000000001c3092f0
0x000000001accc400:   00007fffb8120000 00007fffb812c840
0x000000001accc410:   000000000108cd50 000000000109c2e0
0x000000001accc420:   0000000000000001 0000000000000001
0x000000001accc430:   0000000017297348 000000001accc490
0x000000001accc440:   0000000000000000 000000001accc4e0
0x000000001accc450:   00000000d6049f48 00000000d604d1e8 

Instructions: (pc=0x0000000074be9518)
0x0000000074be94f8:   85 c0 75 0a 8b 43 30 a9 00 00 00 30 74 08 48 8b
0x0000000074be9508:   cb e8 12 90 0e 00 c7 83 70 02 00 00 06 00 00 00
0x0000000074be9518:   4c 8b 06 48 63 15 aa af 69 00 44 0f b6 0d b6 4f
0x0000000074be9528:   6b 00 8b 0d 68 82 64 00 4c 8b 15 59 82 64 00 49 


Register to memory mapping:

RAX=0x0000000000000000 is an unknown value
RBX=0x0000000019c59000 is a thread
RCX=0x0000000000000900 is an unknown value
RDX=0x0000000000000000 is an unknown value
RSP=0x000000001accc360 is pointing into the stack for thread: 0x0000000019c59000
RBP=0x000000000108cd50 is an unknown value
RSI=0x0000000000000000 is an unknown value
RDI=0x0000000000000000 is an unknown value
R8 =0x0000000000000000 is an unknown value
R9 =0x00000000d603f470 is an oop
[Ljava.lang.String; 
 - klass: 'java/lang/String'[]
 - length: 1
R10=0x0000000001096120 is an unknown value
R11=0x0000000000000000 is an unknown value
R12=0x000000000109c2e0 is an unknown value
R13=0x0000000000000000 is an unknown value
R14=0x0000000019c591f8 is an unknown value
R15=0x0000000000000000 is an unknown value


Stack: [0x000000001abd0000,0x000000001acd0000],  sp=0x000000001accc360,  free space=1008k
Native frames: (J=compiled Java code, j=interpreted, Vv=VM code, C=native code)
V  [jvm.dll+0x159518]
C  [jopenmaple.dll+0xc9be]
C  0x0000000002ff7f74

Java frames: (J=compiled Java code, j=interpreted, Vv=VM code)
j  com.maplesoft.openmaple.Engine.getKernel([Ljava/lang/String;Lcom/maplesoft/openmaple/EngineCallBacks;Ljava/lang/Object;Ljava/lang/Object;)J+0
j  com.maplesoft.openmaple.Engine.<init>([Ljava/lang/String;Lcom/maplesoft/openmaple/EngineCallBacks;Ljava/lang/Object;Ljava/lang/Object;)V+10
j  myFrame.demoShowMath.bt_ConvertActionPerformed(Ljava/awt/event/ActionEvent;)V+93
j  myFrame.demoShowMath.access$000(LmyFrame/demoShowMath;Ljava/awt/event/ActionEvent;)V+2
j  myFrame.demoShowMath$1.actionPerformed(Ljava/awt/event/ActionEvent;)V+5
j  javax.swing.AbstractButton.fireActionPerformed(Ljava/awt/event/ActionEvent;)V+83
j  javax.swing.AbstractButton$Handler.actionPerformed(Ljava/awt/event/ActionEvent;)V+5
j  javax.swing.DefaultButtonModel.fireActionPerformed(Ljava/awt/event/ActionEvent;)V+34
j  javax.swing.DefaultButtonModel.setPressed(Z)V+117
j  javax.swing.plaf.basic.BasicButtonListener.mouseReleased(Ljava/awt/event/MouseEvent;)V+35
j  java.awt.Component.processMouseEvent(Ljava/awt/event/MouseEvent;)V+64
j  javax.swing.JComponent.processMouseEvent(Ljava/awt/event/MouseEvent;)V+23
j  java.awt.Component.processEvent(Ljava/awt/AWTEvent;)V+81
j  java.awt.Container.processEvent(Ljava/awt/AWTEvent;)V+18
j  java.awt.Component.dispatchEventImpl(Ljava/awt/AWTEvent;)V+589
j  java.awt.Container.dispatchEventImpl(Ljava/awt/AWTEvent;)V+42
j  java.awt.Component.dispatchEvent(Ljava/awt/AWTEvent;)V+2
j  java.awt.LightweightDispatcher.retargetMouseEvent(Ljava/awt/Component;ILjava/awt/event/MouseEvent;)V+327
j  java.awt.LightweightDispatcher.processMouseEvent(Ljava/awt/event/MouseEvent;)Z+155
j  java.awt.LightweightDispatcher.dispatchEvent(Ljava/awt/AWTEvent;)Z+50
j  java.awt.Container.dispatchEventImpl(Ljava/awt/AWTEvent;)V+12
j  java.awt.Window.dispatchEventImpl(Ljava/awt/AWTEvent;)V+19
j  java.awt.Component.dispatchEvent(Ljava/awt/AWTEvent;)V+2
j  java.awt.EventQueue.dispatchEventImpl(Ljava/awt/AWTEvent;Ljava/lang/Object;)V+41
j  java.awt.EventQueue.access$500(Ljava/awt/EventQueue;Ljava/awt/AWTEvent;Ljava/lang/Object;)V+3
j  java.awt.EventQueue$3.run()Ljava/lang/Void;+32
j  java.awt.EventQueue$3.run()Ljava/lang/Object;+1
v  ~StubRoutines::call_stub
J 609  java.security.AccessController.doPrivileged(Ljava/security/PrivilegedAction;Ljava/security/AccessControlContext;)Ljava/lang/Object; (0 bytes) @ 0x0000000003244ae6 [0x0000000003244a80+0x66]
J 610 C1 java.security.ProtectionDomain$JavaSecurityAccessImpl.doIntersectionPrivilege(Ljava/security/PrivilegedAction;Ljava/security/AccessControlContext;Ljava/security/AccessControlContext;)Ljava/lang/Object; (22 bytes) @ 0x00000000032452ec [0x0000000003244e80+0x46c]
j  java.security.ProtectionDomain$JavaSecurityAccessImpl.doIntersectionPrivilege(Ljava/security/PrivilegedAction;Ljava/security/AccessControlContext;)Ljava/lang/Object;+6
j  java.awt.EventQueue$4.run()Ljava/lang/Void;+11
j  java.awt.EventQueue$4.run()Ljava/lang/Object;+1
v  ~StubRoutines::call_stub
J 609  java.security.AccessController.doPrivileged(Ljava/security/PrivilegedAction;Ljava/security/AccessControlContext;)Ljava/lang/Object; (0 bytes) @ 0x0000000003244ae6 [0x0000000003244a80+0x66]
J 610 C1 java.security.ProtectionDomain$JavaSecurityAccessImpl.doIntersectionPrivilege(Ljava/security/PrivilegedAction;Ljava/security/AccessControlContext;Ljava/security/AccessControlContext;)Ljava/lang/Object; (22 bytes) @ 0x00000000032452ec [0x0000000003244e80+0x46c]
j  java.awt.EventQueue.dispatchEvent(Ljava/awt/AWTEvent;)V+73
j  java.awt.EventDispatchThread.pumpOneEventForFilters(I)V+245
j  java.awt.EventDispatchThread.pumpEventsForFilter(ILjava/awt/Conditional;Ljava/awt/EventFilter;)V+35
j  java.awt.EventDispatchThread.pumpEventsForHierarchy(ILjava/awt/Conditional;Ljava/awt/Component;)V+11
j  java.awt.EventDispatchThread.pumpEvents(ILjava/awt/Conditional;)V+4
j  java.awt.EventDispatchThread.pumpEvents(Ljava/awt/Conditional;)V+3
j  java.awt.EventDispatchThread.run()V+9
v  ~StubRoutines::call_stub

---------------  P R O C E S S  ---------------

Java Threads: ( => current thread )
  0x0000000019eae800 JavaThread "TimerQueue" daemon [_thread_blocked, id=6364, stack(0x000000001c1b0000,0x000000001c2b0000)]
  0x0000000002ee2800 JavaThread "DestroyJavaVM" [_thread_blocked, id=5660, stack(0x0000000002d10000,0x0000000002e10000)]
=>0x0000000019c59000 JavaThread "AWT-EventQueue-0" [_thread_in_vm, id=4124, stack(0x000000001abd0000,0x000000001acd0000)]
  0x0000000019c03000 JavaThread "AWT-Windows" daemon [_thread_in_native, id=1412, stack(0x000000001a5a0000,0x000000001a6a0000)]
  0x0000000019c00000 JavaThread "AWT-Shutdown" [_thread_blocked, id=11328, stack(0x000000001a4a0000,0x000000001a5a0000)]
  0x0000000019bfc000 JavaThread "Java2D Disposer" daemon [_thread_blocked, id=8120, stack(0x000000001a3a0000,0x000000001a4a0000)]
  0x0000000017b2d000 JavaThread "Service Thread" daemon [_thread_blocked, id=9736, stack(0x0000000019860000,0x0000000019960000)]
  0x0000000017b28000 JavaThread "C1 CompilerThread2" daemon [_thread_blocked, id=7704, stack(0x0000000019760000,0x0000000019860000)]
  0x0000000017b23800 JavaThread "C2 CompilerThread1" daemon [_thread_blocked, id=4272, stack(0x0000000019260000,0x0000000019360000)]
  0x0000000017ad0000 JavaThread "C2 CompilerThread0" daemon [_thread_blocked, id=10316, stack(0x0000000019160000,0x0000000019260000)]
  0x0000000017ace000 JavaThread "Attach Listener" daemon [_thread_blocked, id=4148, stack(0x0000000019060000,0x0000000019160000)]
  0x0000000017acc800 JavaThread "Signal Dispatcher" daemon [_thread_blocked, id=6860, stack(0x0000000018f60000,0x0000000019060000)]
  0x0000000002fdc000 JavaThread "Finalizer" daemon [_thread_blocked, id=9904, stack(0x0000000018d70000,0x0000000018e70000)]
  0x0000000002fd3000 JavaThread "Reference Handler" daemon [_thread_blocked, id=7496, stack(0x0000000018c70000,0x0000000018d70000)]

Other Threads:
  0x0000000017a97800 VMThread [stack: 0x0000000018b70000,0x0000000018c70000] [id=912]
  0x00000000193aa000 WatcherThread [stack: 0x0000000019960000,0x0000000019a60000] [id=3220]

VM state:not at safepoint (normal execution)

VM Mutex/Monitor currently owned by a thread: None

Heap:
 PSYoungGen      total 37888K, used 7002K [0x00000000d6000000, 0x00000000d8a00000, 0x0000000100000000)
  eden space 32768K, 5% used [0x00000000d6000000,0x00000000d61dcf58,0x00000000d8000000)
  from space 5120K, 99% used [0x00000000d8000000,0x00000000d84f9b30,0x00000000d8500000)
  to   space 5120K, 0% used [0x00000000d8500000,0x00000000d8500000,0x00000000d8a00000)
 ParOldGen       total 86016K, used 1421K [0x0000000082000000, 0x0000000087400000, 0x00000000d6000000)
  object space 86016K, 1% used [0x0000000082000000,0x0000000082163700,0x0000000087400000)
 Metaspace       used 15257K, capacity 15430K, committed 15872K, reserved 1062912K
  class space    used 1875K, capacity 1953K, committed 2048K, reserved 1048576K

Card table byte_map: [0x00000000123a0000,0x00000000127a0000] byte_map_base: 0x0000000011f90000

Marking Bits: (ParMarkBitMap*) 0x00000000752ad850
 Begin Bits: [0x0000000012e40000, 0x0000000014dc0000)
 End Bits:   [0x0000000014dc0000, 0x0000000016d40000)

Polling page: 0x0000000000fe0000

CodeCache: size=245760Kb used=4965Kb max_used=4991Kb free=240794Kb
 bounds [0x0000000002fe0000, 0x00000000034d0000, 0x0000000011fe0000]
 total_blobs=1945 nmethods=1411 adapters=446
 compilation: enabled

Compilation events (10 events):
Event: 2.968 Thread 0x0000000017b28000 nmethod 1413 0x00000000034ae510 code [0x00000000034ae660, 0x00000000034ae750]
Event: 2.968 Thread 0x0000000017b28000 1414       3       java.lang.ref.Finalizer::register (10 bytes)
Event: 2.968 Thread 0x0000000017b28000 nmethod 1414 0x00000000034b1690 code [0x00000000034b1820, 0x00000000034b1c48]
Event: 2.968 Thread 0x0000000017b28000 1415       3       java.lang.ref.Finalizer::<init> (23 bytes)
Event: 2.969 Thread 0x0000000017b28000 nmethod 1415 0x00000000034b1e10 code [0x00000000034b1fa0, 0x00000000034b2308]
Event: 2.969 Thread 0x0000000017b28000 1416       3       java.lang.ref.FinalReference::<init> (7 bytes)
Event: 2.969 Thread 0x0000000017b28000 nmethod 1416 0x00000000034b2450 code [0x00000000034b25c0, 0x00000000034b2870]
Event: 2.969 Thread 0x0000000017b28000 1417   !   3       java.lang.ref.Finalizer::add (41 bytes)
Event: 2.969 Thread 0x0000000017b28000 nmethod 1417 0x00000000034b2950 code [0x00000000034b2ac0, 0x00000000034b2e70]
Event: 3.005 Thread 0x0000000017ad0000 nmethod 1392 0x00000000034b9610 code [0x00000000034b99a0, 0x00000000034bd328]

GC Heap History (2 events):
Event: 2.941 GC heap before
{Heap before GC invocations=1 (full 0):
 PSYoungGen      total 37888K, used 32768K [0x00000000d6000000, 0x00000000d8a00000, 0x0000000100000000)
  eden space 32768K, 100% used [0x00000000d6000000,0x00000000d8000000,0x00000000d8000000)
  from space 5120K, 0% used [0x00000000d8500000,0x00000000d8500000,0x00000000d8a00000)
  to   space 5120K, 0% used [0x00000000d8000000,0x00000000d8000000,0x00000000d8500000)
 ParOldGen       total 86016K, used 0K [0x0000000082000000, 0x0000000087400000, 0x00000000d6000000)
  object space 86016K, 0% used [0x0000000082000000,0x0000000082000000,0x0000000087400000)
 Metaspace       used 15136K, capacity 15366K, committed 15616K, reserved 1062912K
  class space    used 1864K, capacity 1953K, committed 2048K, reserved 1048576K
Event: 2.949 GC heap after
Heap after GC invocations=1 (full 0):
 PSYoungGen      total 37888K, used 5094K [0x00000000d6000000, 0x00000000d8a00000, 0x0000000100000000)
  eden space 32768K, 0% used [0x00000000d6000000,0x00000000d6000000,0x00000000d8000000)
  from space 5120K, 99% used [0x00000000d8000000,0x00000000d84f9b30,0x00000000d8500000)
  to   space 5120K, 0% used [0x00000000d8500000,0x00000000d8500000,0x00000000d8a00000)
 ParOldGen       total 86016K, used 1421K [0x0000000082000000, 0x0000000087400000, 0x00000000d6000000)
  object space 86016K, 1% used [0x0000000082000000,0x0000000082163700,0x0000000087400000)
 Metaspace       used 15136K, capacity 15366K, committed 15616K, reserved 1062912K
  class space    used 1864K, capacity 1953K, committed 2048K, reserved 1048576K
}

Deoptimization events (10 events):
Event: 2.514 Thread 0x0000000019c59000 Uncommon trap: reason=class_check action=maybe_recompile pc=0x00000000031c0f04 method=java.util.HashMap.putVal(ILjava/lang/Object;Ljava/lang/Object;ZZ)Ljava/lang/Object; @ 253
Event: 2.514 Thread 0x0000000019c59000 Uncommon trap: reason=class_check action=maybe_recompile pc=0x00000000031c0f04 method=java.util.HashMap.putVal(ILjava/lang/Object;Ljava/lang/Object;ZZ)Ljava/lang/Object; @ 253
Event: 2.514 Thread 0x0000000019c59000 Uncommon trap: reason=class_check action=maybe_recompile pc=0x00000000031c0f04 method=java.util.HashMap.putVal(ILjava/lang/Object;Ljava/lang/Object;ZZ)Ljava/lang/Object; @ 253
Event: 2.514 Thread 0x0000000019c59000 Uncommon trap: reason=class_check action=maybe_recompile pc=0x00000000031c0f04 method=java.util.HashMap.putVal(ILjava/lang/Object;Ljava/lang/Object;ZZ)Ljava/lang/Object; @ 253
Event: 2.514 Thread 0x0000000019c59000 Uncommon trap: reason=class_check action=maybe_recompile pc=0x00000000031be34c method=java.util.HashMap.putVal(ILjava/lang/Object;Ljava/lang/Object;ZZ)Ljava/lang/Object; @ 253
Event: 2.708 Thread 0x0000000019c59000 Uncommon trap: reason=class_check action=maybe_recompile pc=0x0000000003152028 method=java.lang.String.equals(Ljava/lang/Object;)Z @ 8
Event: 2.708 Thread 0x0000000019c59000 Uncommon trap: reason=class_check action=maybe_recompile pc=0x0000000003152028 method=java.lang.String.equals(Ljava/lang/Object;)Z @ 8
Event: 2.714 Thread 0x0000000019c59000 Uncommon trap: reason=unstable_if action=reinterpret pc=0x00000000032760f8 method=java.lang.String.<init>([CII)V @ 18
Event: 2.835 Thread 0x0000000019c59000 Uncommon trap: reason=unstable_if action=reinterpret pc=0x0000000003407e88 method=java.lang.CharacterData.of(I)Ljava/lang/CharacterData; @ 4
Event: 2.858 Thread 0x0000000019c59000 Uncommon trap: reason=unstable_if action=reinterpret pc=0x000000000348ec34 method=java.lang.Character.isSurrogate(C)Z @ 3

Internal exceptions (10 events):
Event: 0.362 Thread 0x0000000002ee2800 Exception <a 'java/lang/ClassNotFoundException': ToolBar> (0x00000000d641e780) thrown at [C:\re\workspace\8-2-build-windows-amd64-cygwin\jdk8u151\9699\hotspot\src\share\vm\classfile\systemDictionary.cpp, line 210]
Event: 0.362 Thread 0x0000000002ee2800 Exception <a 'java/lang/ClassNotFoundException': ToggleButton> (0x00000000d641ed30) thrown at [C:\re\workspace\8-2-build-windows-amd64-cygwin\jdk8u151\9699\hotspot\src\share\vm\classfile\systemDictionary.cpp, line 210]
Event: 0.362 Thread 0x0000000002ee2800 Exception <a 'java/lang/ClassNotFoundException': javax/swing/JToolBarSeparator> (0x00000000d641f190) thrown at [C:\re\workspace\8-2-build-windows-amd64-cygwin\jdk8u151\9699\hotspot\src\share\vm\classfile\systemDictionary.cpp, line 210]
Event: 0.362 Thread 0x0000000002ee2800 Exception <a 'java/lang/ClassNotFoundException': ToolBarSeparator> (0x00000000d641f628) thrown at [C:\re\workspace\8-2-build-windows-amd64-cygwin\jdk8u151\9699\hotspot\src\share\vm\classfile\systemDictionary.cpp, line 210]
Event: 0.363 Thread 0x0000000002ee2800 Exception <a 'java/lang/ClassNotFoundException': ToolTip> (0x00000000d641fd68) thrown at [C:\re\workspace\8-2-build-windows-amd64-cygwin\jdk8u151\9699\hotspot\src\share\vm\classfile\systemDictionary.cpp, line 210]
Event: 0.365 Thread 0x0000000002ee2800 Exception <a 'java/lang/ClassNotFoundException': Tree> (0x00000000d6420988) thrown at [C:\re\workspace\8-2-build-windows-amd64-cygwin\jdk8u151\9699\hotspot\src\share\vm\classfile\systemDictionary.cpp, line 210]
Event: 0.366 Thread 0x0000000002ee2800 Exception <a 'java/lang/ClassNotFoundException': Tree> (0x00000000d64210c8) thrown at [C:\re\workspace\8-2-build-windows-amd64-cygwin\jdk8u151\9699\hotspot\src\share\vm\classfile\systemDictionary.cpp, line 210]
Event: 0.366 Thread 0x0000000002ee2800 Exception <a 'java/lang/ClassNotFoundException': javax/swing/JTreeCell> (0x00000000d6421448) thrown at [C:\re\workspace\8-2-build-windows-amd64-cygwin\jdk8u151\9699\hotspot\src\share\vm\classfile\systemDictionary.cpp, line 210]
Event: 0.366 Thread 0x0000000002ee2800 Exception <a 'java/lang/ClassNotFoundException': TreeCell> (0x00000000d64218d0) thrown at [C:\re\workspace\8-2-build-windows-amd64-cygwin\jdk8u151\9699\hotspot\src\share\vm\classfile\systemDictionary.cpp, line 210]
Event: 0.368 Thread 0x0000000002ee2800 Exception <a 'java/lang/ClassNotFoundException': RootPane> (0x00000000d6422330) thrown at [C:\re\workspace\8-2-build-windows-amd64-cygwin\jdk8u151\9699\hotspot\src\share\vm\classfile\systemDictionary.cpp, line 210]

Events (10 events):
Event: 2.968 loading class com/maplesoft/openmaple/Engine
Event: 2.968 loading class com/maplesoft/openmaple/Engine done
Event: 2.968 loading class com/maplesoft/openmaple/KernelObject
Event: 2.968 loading class com/maplesoft/openmaple/KernelObject done
Event: 2.968 loading class java/lang/UnsatisfiedLinkError
Event: 2.968 loading class java/lang/UnsatisfiedLinkError done
Event: 2.969 loading class java/lang/ClassLoaderHelper
Event: 2.969 loading class java/lang/ClassLoaderHelper done
Event: 2.972 loading class com/maplesoft/openmaple/EngineCallBacksDefault
Event: 2.972 loading class com/maplesoft/openmaple/EngineCallBacksDefault done


Dynamic libraries:
0x00007ff61fa10000 - 0x00007ff61fa47000 	C:\Java\jdk1.8.0_151\bin\java.exe
0x00007fffc7340000 - 0x00007fffc7521000 	C:\WINDOWS\SYSTEM32\ntdll.dll
0x00007fffc5f70000 - 0x00007fffc6022000 	C:\WINDOWS\System32\KERNEL32.DLL
0x00007fffc4200000 - 0x00007fffc4473000 	C:\WINDOWS\System32\KERNELBASE.dll
0x00007fffc5c10000 - 0x00007fffc5cb1000 	C:\WINDOWS\System32\ADVAPI32.dll
0x00007fffc6870000 - 0x00007fffc690e000 	C:\WINDOWS\System32\msvcrt.dll
0x00007fffc6490000 - 0x00007fffc64eb000 	C:\WINDOWS\System32\sechost.dll
0x00007fffc6e00000 - 0x00007fffc6f24000 	C:\WINDOWS\System32\RPCRT4.dll
0x00007fffc6660000 - 0x00007fffc67f0000 	C:\WINDOWS\System32\USER32.dll
0x00007fffc41e0000 - 0x00007fffc4200000 	C:\WINDOWS\System32\win32u.dll
0x00007fffc5e40000 - 0x00007fffc5e68000 	C:\WINDOWS\System32\GDI32.dll
0x00007fffc4630000 - 0x00007fffc47c2000 	C:\WINDOWS\System32\gdi32full.dll
0x00007fffc4530000 - 0x00007fffc45cf000 	C:\WINDOWS\System32\msvcp_win.dll
0x00007fffc3980000 - 0x00007fffc3a7a000 	C:\WINDOWS\System32\ucrtbase.dll
0x00007fffbaf50000 - 0x00007fffbb1b9000 	C:\WINDOWS\WinSxS\amd64_microsoft.windows.common-controls_6595b64144ccf1df_6.0.17134.48_none_b4b2216a3cb4dd3e\COMCTL32.dll
0x00007fffc6ad0000 - 0x00007fffc6df3000 	C:\WINDOWS\System32\combase.dll
0x00007fffc3900000 - 0x00007fffc397a000 	C:\WINDOWS\System32\bcryptPrimitives.dll
0x00007fffc5e70000 - 0x00007fffc5e9d000 	C:\WINDOWS\System32\IMM32.DLL
0x00000000749b0000 - 0x0000000074a82000 	C:\Java\jdk1.8.0_151\jre\bin\msvcr100.dll
0x0000000074a90000 - 0x000000007532d000 	C:\Java\jdk1.8.0_151\jre\bin\server\jvm.dll
0x00007fffc6480000 - 0x00007fffc6488000 	C:\WINDOWS\System32\PSAPI.DLL
0x00007fffbb930000 - 0x00007fffbb939000 	C:\WINDOWS\SYSTEM32\WSOCK32.dll
0x00007fffc05d0000 - 0x00007fffc05f3000 	C:\WINDOWS\SYSTEM32\WINMM.dll
0x00007fffc65e0000 - 0x00007fffc664c000 	C:\WINDOWS\System32\WS2_32.dll
0x00007fffbc360000 - 0x00007fffbc36a000 	C:\WINDOWS\SYSTEM32\VERSION.dll
0x00007fffc05a0000 - 0x00007fffc05ca000 	C:\WINDOWS\SYSTEM32\WINMMBASE.dll
0x00007fffc4190000 - 0x00007fffc41d9000 	C:\WINDOWS\System32\cfgmgr32.dll
0x0000000074960000 - 0x000000007496f000 	C:\Java\jdk1.8.0_151\jre\bin\verify.dll
0x0000000074930000 - 0x0000000074959000 	C:\Java\jdk1.8.0_151\jre\bin\java.dll
0x0000000074910000 - 0x0000000074926000 	C:\Java\jdk1.8.0_151\jre\bin\zip.dll
0x00007fffc47d0000 - 0x00007fffc5c10000 	C:\WINDOWS\System32\SHELL32.dll
0x00007fffc70c0000 - 0x00007fffc7169000 	C:\WINDOWS\System32\shcore.dll
0x00007fffc3a80000 - 0x00007fffc418d000 	C:\WINDOWS\System32\windows.storage.dll
0x00007fffc7060000 - 0x00007fffc70b1000 	C:\WINDOWS\System32\shlwapi.dll
0x00007fffc36f0000 - 0x00007fffc3701000 	C:\WINDOWS\System32\kernel.appcore.dll
0x00007fffc3680000 - 0x00007fffc369f000 	C:\WINDOWS\System32\profapi.dll
0x00007fffc36a0000 - 0x00007fffc36ec000 	C:\WINDOWS\System32\powrprof.dll
0x00007fffc3670000 - 0x00007fffc367a000 	C:\WINDOWS\System32\FLTLIB.DLL
0x0000000074730000 - 0x00000000748c8000 	C:\Java\jdk1.8.0_151\jre\bin\awt.dll
0x00007fffc5ea0000 - 0x00007fffc5f62000 	C:\WINDOWS\System32\OLEAUT32.dll
0x00007fffc19d0000 - 0x00007fffc1a5b000 	C:\WINDOWS\SYSTEM32\apphelp.dll
0x00007fffc1b80000 - 0x00007fffc1c18000 	C:\WINDOWS\system32\uxtheme.dll
0x00007fffc5cc0000 - 0x00007fffc5e35000 	C:\WINDOWS\System32\MSCTF.dll
0x00007fffc1de0000 - 0x00007fffc1e09000 	C:\WINDOWS\system32\dwmapi.dll
0x00007fffc6910000 - 0x00007fffc6a61000 	C:\WINDOWS\System32\ole32.dll
0x00000000746e0000 - 0x0000000074727000 	C:\Java\jdk1.8.0_151\jre\bin\fontmanager.dll
0x00007fff9d920000 - 0x00007fff9da40000 	C:\WINDOWS\system32\opengl32.dll
0x00007fffb50f0000 - 0x00007fffb511c000 	C:\WINDOWS\SYSTEM32\GLU32.dll
0x00000000748f0000 - 0x000000007490a000 	C:\Java\jdk1.8.0_151\jre\bin\net.dll
0x00007fffc2e70000 - 0x00007fffc2ed6000 	C:\WINDOWS\system32\mswsock.dll
0x00000000748d0000 - 0x00000000748e1000 	C:\Java\jdk1.8.0_151\jre\bin\nio.dll
0x0000000074690000 - 0x00000000746d2000 	C:\Java\jdk1.8.0_151\jre\bin\t2k.dll
0x00007fffc6fc0000 - 0x00007fffc7060000 	C:\WINDOWS\System32\clbcatq.dll
0x00007fffbe820000 - 0x00007fffbe9ce000 	C:\WINDOWS\SYSTEM32\WindowsCodecs.dll
0x00007fffa2190000 - 0x00007fffa21e8000 	C:\WINDOWS\system32\dataexchange.dll
0x00007fffc10c0000 - 0x00007fffc13cb000 	C:\WINDOWS\system32\d3d11.dll
0x00007fffc13d0000 - 0x00007fffc156c000 	C:\WINDOWS\system32\dcomp.dll
0x00007fffc2410000 - 0x00007fffc24cb000 	C:\WINDOWS\system32\dxgi.dll
0x00007fffc1e70000 - 0x00007fffc2028000 	C:\WINDOWS\system32\twinapi.appcore.dll
0x00007fffc1e10000 - 0x00007fffc1e31000 	C:\WINDOWS\system32\RMCLIENT.dll
0x00007fffbad80000 - 0x00007fffbae18000 	C:\WINDOWS\System32\TextInputFramework.dll
0x00007fffbe330000 - 0x00007fffbe64e000 	C:\WINDOWS\System32\CoreUIComponents.dll
0x00007fffc0310000 - 0x00007fffc03ea000 	C:\WINDOWS\System32\CoreMessaging.dll
0x00007fffbfd50000 - 0x00007fffbfe9d000 	C:\WINDOWS\SYSTEM32\wintypes.dll
0x00007fffc2710000 - 0x00007fffc2741000 	C:\WINDOWS\SYSTEM32\ntmarta.dll
0x0000000074650000 - 0x000000007467a000 	C:\Java\jdk1.8.0_151\jre\bin\dcpr.dll
0x00007fffc3020000 - 0x00007fffc3037000 	C:\WINDOWS\SYSTEM32\CRYPTSP.dll
0x00007fffc2a50000 - 0x00007fffc2a83000 	C:\WINDOWS\system32\rsaenh.dll
0x00007fffc31b0000 - 0x00007fffc31d5000 	C:\WINDOWS\SYSTEM32\bcrypt.dll
0x00007fffc3550000 - 0x00007fffc3578000 	C:\WINDOWS\SYSTEM32\USERENV.dll
0x00007fffc3040000 - 0x00007fffc304b000 	C:\WINDOWS\SYSTEM32\CRYPTBASE.dll
0x00007fffc2bf0000 - 0x00007fffc2c28000 	C:\WINDOWS\SYSTEM32\IPHLPAPI.DLL
0x00007fffc6650000 - 0x00007fffc6658000 	C:\WINDOWS\System32\NSI.dll
0x00007fffbcc50000 - 0x00007fffbcc66000 	C:\WINDOWS\SYSTEM32\dhcpcsvc6.DLL
0x00007fffbdf90000 - 0x00007fffbdfaa000 	C:\WINDOWS\SYSTEM32\dhcpcsvc.DLL
0x00007fffb8120000 - 0x00007fffb813d000 	C:\Program Files\Maple 2017\bin.X86_64_WINDOWS\jopenmaple.dll
0x00007fffb32e0000 - 0x00007fffb33cf000 	C:\WINDOWS\SYSTEM32\MSVCR120.dll
0x00007fffbb940000 - 0x00007fffbb950000 	C:\WINDOWS\SYSTEM32\maplec.dll
0x00007fffb6440000 - 0x00007fffb6609000 	C:\WINDOWS\SYSTEM32\dbghelp.dll

VM Arguments:
jvm_args: -Dfile.encoding=UTF-8 
java_command: myFrame.demoShowMath
java_class_path (initial): C:\Users\Phat Nguyen\Desktop\jlatexmath-0.9.6.jar;C:\Program Files\Maple 2017\java\Maple.jar;C:\Program Files\Maple 2017\java\externalcall.jar;C:\Program Files\Maple 2017\java\maple-calculator.jar;D:\IDE\NetBeans 8.2\java\modules\ext\AbsoluteLayout.jar;D:\Project\JavaSwing\showMath\build\classes
Launcher Type: SUN_STANDARD

Environment Variables:
JAVA_HOME=C:\Java\jdk1.8.0_151\bin
PATH=C:\ProgramData\Oracle\Java\javapath;C:\Program Files (x86)\Python36-32\Scripts\;C:\Program Files (x86)\Python36-32\;C:\WINDOWS\system32;C:\WINDOWS;C:\WINDOWS\System32\Wbem;C:\WINDOWS\System32\WindowsPowerShell\v1.0\;C:\Program Files\dotnet\;C:\Program Files\Microsoft SQL Server\130\Tools\Binn\;C:\Program Files\MySQL\MySQL Utilities 1.6\;C:\Program Files\MATLAB\R2016a\runtime\win64;C:\Program Files\MATLAB\R2016a\bin;C:\Program Files\Java\jdk1.8.0_151\bin;C:\Program Files\Microsoft SQL Server\Client SDK\ODBC\110\Tools\Binn\;C:\Program Files (x86)\Microsoft SQL Server\120\Tools\Binn\;C:\Program Files\Microsoft SQL Server\120\Tools\Binn\;C:\Program Files\Microsoft SQL Server\120\DTS\Binn\;C:\Program Files (x86)\Microsoft SQL Server\120\Tools\Binn\ManagementStudio\;C:\Program Files (x86)\Microsoft SQL Server\120\DTS\Binn\;C:\Program Files\MATLAB\R2016a\polyspace\bin;C:\Program Files\Git\cmd;C:\Program Files (x86)\GtkSharp\2.12\bin;C:\WINDOWS\System32\OpenSSH\;C:\Java\jdk1.8.0_151\bin\bin;C:\Users\Phat Nguyen\AppData\Local\Microsoft\WindowsApps;D:\IDE\Microsoft VS Code\bin;C:\Users\Phat Nguyen\AppData\Local\GitHubDesktop\bin;C:\Users\Phat Nguyen\AppData\Local\Microsoft\WindowsApps;C:\Program Files\Maple 2017\bin.X86_64_WINDOWS;C:\Java\jdk1.8.0_151\bin\bin;
USERNAME=PhatNguyen
OS=Windows_NT
PROCESSOR_IDENTIFIER=Intel64 Family 6 Model 58 Stepping 9, GenuineIntel



---------------  S Y S T E M  ---------------

OS: Windows 10.0 , 64 bit Build 17134 (10.0.17134.1)

CPU:total 4 (initial active 4) (2 cores per cpu, 2 threads per core) family 6 model 58 stepping 9, cmov, cx8, fxsr, mmx, sse, sse2, sse3, ssse3, sse4.1, sse4.2, popcnt, avx, aes, clmul, erms, ht, tsc, tscinvbit, tscinv

Memory: 4k page, physical 8250452k(4677696k free), swap 9561172k(5122212k free)

vm_info: Java HotSpot(TM) 64-Bit Server VM (25.151-b12) for windows-amd64 JRE (1.8.0_151-b12), built on Sep  5 2017 19:33:46 by "java_re" with MS VC++ 10.0 (VS2010)

time: Sat Jun 09 21:09:16 2018
elapsed time: 3 seconds (0d 0h 0m 3s)

