#
# A fatal error has been detected by the Java Runtime Environment:
#
#  EXCEPTION_ACCESS_VIOLATION (0xc0000005) at pc=0x00000001800ef890, pid=10580, tid=0x0000000000001c64
#
# JRE version: Java(TM) SE Runtime Environment (8.0_152-b16) (build 1.8.0_152-b16)
# Java VM: Java HotSpot(TM) 64-Bit Server VM (25.152-b16 mixed mode windows-amd64 compressed oops)
# Problematic frame:
# C  [maple.dll+0xef890]
#
# Failed to write core dump. Minidumps are not enabled by default on client versions of Windows
#
# If you would like to submit a bug report, please visit:
#   http://bugreport.java.com/bugreport/crash.jsp
# The crash happened outside the Java Virtual Machine in native code.
# See problematic frame for where to report the bug.
#

---------------  T H R E A D  ---------------

Current thread (0x000000001c11e800):  JavaThread "AWT-EventQueue-0" [_thread_in_native, id=7268, stack(0x000000001d0e0000,0x000000001d1e0000)]

siginfo: ExceptionCode=0xc0000005, reading address 0x0000000000000000

Registers:
RAX=0x0000000000000000, RBX=0x0000000019076040, RCX=0xa8326f7f59e20000, RDX=0x0000000000000000
RSP=0x000000001d1d97a0, RBP=0x0000000000000079, RSI=0x000000001b899558, RDI=0x0000000019076040
R8 =0x000000001b8a3960, R9 =0x0000000000000009, R10=0x000000001b770600, R11=0x0000000000000000
R12=0x0000000000000000, R13=0x00007ff9786fc860, R14=0x0000000019076040, R15=0x00000001800ee690
RIP=0x00000001800ef890, EFLAGS=0x0000000000010206

Top of Stack: (sp=0x000000001d1d97a0)
0x000000001d1d97a0:   0000000019076040 0000000000000001
0x000000001d1d97b0:   0000000000000001 0000000000000001
0x000000001d1d97c0:   0000000000000079 000000001b770600
0x000000001d1d97d0:   0000000000000000 0000000180458c66
0x000000001d1d97e0:   0000000000000001 0000000000000001
0x000000001d1d97f0:   0000000000000001 0000000000000001
0x000000001d1d9800:   0000000000000001 00000001809aba30
0x000000001d1d9810:   000000001b899558 00007ff9786fcbac
0x000000001d1d9820:   0000000000000001 0000000000000001
0x000000001d1d9830:   0000000000000001 0000000000000001
0x000000001d1d9840:   0000000000000001 0000000000000001
0x000000001d1d9850:   0000000000000001 0000000000000001
0x000000001d1d9860:   0000000000000001 0000000000000001
0x000000001d1d9870:   0000000000000001 0000000000000001
0x000000001d1d9880:   0000000000000001 0000000000000001
0x000000001d1d9890:   0000000000000001 0000000000000001 

Instructions: (pc=0x00000001800ef890)
0x00000001800ef870:   41 56 41 57 55 48 83 ec 20 49 89 ce 48 8b 0d 1d
0x00000001800ef880:   d5 8b 00 ff 15 67 c2 6e 00 4c 8d 3d 00 ee ff ff
0x00000001800ef890:   4c 3b 38 75 0c 33 c0 48 83 c4 20 5d 41 5f 41 5e
0x00000001800ef8a0:   c3 48 8b 0d f8 d4 8b 00 ff 15 42 c2 6e 00 48 89 


Register to memory mapping:

RAX=0x0000000000000000 is an unknown value
RBX=0x0000000019076040 is an unknown value
RCX=0xa8326f7f59e20000 is an unknown value
RDX=0x0000000000000000 is an unknown value
RSP=0x000000001d1d97a0 is pointing into the stack for thread: 0x000000001c11e800
RBP=0x0000000000000079 is an unknown value
RSI=0x000000001b899558 is an unknown value
RDI=0x0000000019076040 is an unknown value
R8 =0x000000001b8a3960 is an unknown value
R9 =0x0000000000000009 is an unknown value
R10=0x000000001b770600 is an unknown value
R11=0x0000000000000000 is an unknown value
R12=0x0000000000000000 is an unknown value
R13=0x00007ff9786fc860 is an unknown value
R14=0x0000000019076040 is an unknown value
R15=0x00000001800ee690 is an unknown value


Stack: [0x000000001d0e0000,0x000000001d1e0000],  sp=0x000000001d1d97a0,  free space=997k
Native frames: (J=compiled Java code, j=interpreted, Vv=VM code, C=native code)
C  [maple.dll+0xef890]
C  [maple.dll+0x458c66]
C  [mstring.dll+0x1cbac]
C  [maple.dll+0x49bce3]
C  [maple.dll+0x526450]
C  [maple.dll+0x54c7cf]
C  [maple.dll+0x4a4360]
C  [maple.dll+0x4a35c7]
C  [maple.dll+0x4fe29e]
C  [maple.dll+0x54c775]
C  [maple.dll+0x54e0de]
C  [maple.dll+0x4a3d81]
C  [maple.dll+0x4a3967]
C  [maple.dll+0x4a35c7]
C  [maple.dll+0x4fe29e]
C  [maple.dll+0x54c775]
C  [maple.dll+0x4a97ee]
C  [maple.dll+0x4abe3c]
C  [maple.dll+0x4a4260]
C  [maple.dll+0x4a3967]
C  [maple.dll+0x4a35c7]
C  [maple.dll+0x4fe29e]
C  [maple.dll+0x54c775]
C  [maple.dll+0x4a97ee]
C  [maple.dll+0x4abe3c]
C  [maple.dll+0x4a4260]
C  [maple.dll+0x4a3967]
C  [maple.dll+0x4a35c7]
C  [maple.dll+0x4fe29e]
C  [maple.dll+0x54c775]
C  [maple.dll+0x4a4360]
C  [maple.dll+0x4a35c7]
C  [maple.dll+0x5901a6]
C  [maple.dll+0x803e0]
C  [maple.dll+0x46fcd9]
C  [jopenmaple.dll+0xd0a8]
C  0x00000000032d7f74

Java frames: (J=compiled Java code, j=interpreted, Vv=VM code)
j  com.maplesoft.openmaple.Engine.evaluate(Ljava/lang/String;)Lcom/maplesoft/openmaple/Algebraic;+0
j  ptvp.PTVP.solve(Ljava/lang/String;)Ljava/lang/String;+52
j  ptvp.mainInterface.jButton1MouseClicked(Ljava/awt/event/MouseEvent;)V+16
j  ptvp.mainInterface.access$100(Lptvp/mainInterface;Ljava/awt/event/MouseEvent;)V+2
j  ptvp.mainInterface$2.mouseClicked(Ljava/awt/event/MouseEvent;)V+5
j  java.awt.AWTEventMulticaster.mouseClicked(Ljava/awt/event/MouseEvent;)V+21
j  java.awt.Component.processMouseEvent(Ljava/awt/event/MouseEvent;)V+74
j  javax.swing.JComponent.processMouseEvent(Ljava/awt/event/MouseEvent;)V+23
j  java.awt.Component.processEvent(Ljava/awt/AWTEvent;)V+81
j  java.awt.Container.processEvent(Ljava/awt/AWTEvent;)V+18
j  java.awt.Component.dispatchEventImpl(Ljava/awt/AWTEvent;)V+589
j  java.awt.Container.dispatchEventImpl(Ljava/awt/AWTEvent;)V+42
j  java.awt.Component.dispatchEvent(Ljava/awt/AWTEvent;)V+2
j  java.awt.LightweightDispatcher.retargetMouseEvent(Ljava/awt/Component;ILjava/awt/event/MouseEvent;)V+327
j  java.awt.LightweightDispatcher.processMouseEvent(Ljava/awt/event/MouseEvent;)Z+171
j  java.awt.LightweightDispatcher.dispatchEvent(Ljava/awt/AWTEvent;)Z+50
j  java.awt.Container.dispatchEventImpl(Ljava/awt/AWTEvent;)V+12
j  java.awt.Window.dispatchEventImpl(Ljava/awt/AWTEvent;)V+19
j  java.awt.Component.dispatchEvent(Ljava/awt/AWTEvent;)V+2
j  java.awt.EventQueue.dispatchEventImpl(Ljava/awt/AWTEvent;Ljava/lang/Object;)V+41
j  java.awt.EventQueue.access$500(Ljava/awt/EventQueue;Ljava/awt/AWTEvent;Ljava/lang/Object;)V+3
j  java.awt.EventQueue$3.run()Ljava/lang/Void;+32
j  java.awt.EventQueue$3.run()Ljava/lang/Object;+1
v  ~StubRoutines::call_stub
J 515  java.security.AccessController.doPrivileged(Ljava/security/PrivilegedAction;Ljava/security/AccessControlContext;)Ljava/lang/Object; (0 bytes) @ 0x00000000034c2be6 [0x00000000034c2b80+0x66]
J 516 C1 java.security.ProtectionDomain$JavaSecurityAccessImpl.doIntersectionPrivilege(Ljava/security/PrivilegedAction;Ljava/security/AccessControlContext;Ljava/security/AccessControlContext;)Ljava/lang/Object; (22 bytes) @ 0x00000000034c33ec [0x00000000034c2f80+0x46c]
j  java.security.ProtectionDomain$JavaSecurityAccessImpl.doIntersectionPrivilege(Ljava/security/PrivilegedAction;Ljava/security/AccessControlContext;)Ljava/lang/Object;+6
j  java.awt.EventQueue$4.run()Ljava/lang/Void;+11
j  java.awt.EventQueue$4.run()Ljava/lang/Object;+1
v  ~StubRoutines::call_stub
J 515  java.security.AccessController.doPrivileged(Ljava/security/PrivilegedAction;Ljava/security/AccessControlContext;)Ljava/lang/Object; (0 bytes) @ 0x00000000034c2be6 [0x00000000034c2b80+0x66]
J 516 C1 java.security.ProtectionDomain$JavaSecurityAccessImpl.doIntersectionPrivilege(Ljava/security/PrivilegedAction;Ljava/security/AccessControlContext;Ljava/security/AccessControlContext;)Ljava/lang/Object; (22 bytes) @ 0x00000000034c33ec [0x00000000034c2f80+0x46c]
j  java.awt.EventQueue.dispatchEvent(Ljava/awt/AWTEvent;)V+73
j  java.awt.EventDispatchThread.pumpOneEventForFilters(I)V+245
j  java.awt.EventDispatchThread.pumpEventsForFilter(ILjava/awt/Conditional;Ljava/awt/EventFilter;)V+35
j  java.awt.EventDispatchThread.pumpEventsForHierarchy(ILjava/awt/Conditional;Ljava/awt/Component;)V+11
j  java.awt.EventDispatchThread.pumpEvents(ILjava/awt/Conditional;)V+4
j  java.awt.EventDispatchThread.pumpEvents(Ljava/awt/Conditional;)V+3
j  java.awt.EventDispatchThread.run()V+9
v  ~StubRoutines::call_stub

---------------  P R O C E S S  ---------------

Java Threads: ( => current thread )
  0x000000001c090000 JavaThread "TimerQueue" daemon [_thread_blocked, id=2468, stack(0x000000001e300000,0x000000001e400000)]
  0x000000000307e800 JavaThread "DestroyJavaVM" [_thread_blocked, id=8288, stack(0x0000000003080000,0x0000000003180000)]
=>0x000000001c11e800 JavaThread "AWT-EventQueue-0" [_thread_in_native, id=7268, stack(0x000000001d0e0000,0x000000001d1e0000)]
  0x000000001c07f000 JavaThread "AWT-Windows" daemon [_thread_in_native, id=11224, stack(0x000000001cab0000,0x000000001cbb0000)]
  0x000000001c07a000 JavaThread "AWT-Shutdown" [_thread_blocked, id=8108, stack(0x000000001c9b0000,0x000000001cab0000)]
  0x000000001c079800 JavaThread "Java2D Disposer" daemon [_thread_blocked, id=7240, stack(0x000000001c8b0000,0x000000001c9b0000)]
  0x0000000017248800 JavaThread "Service Thread" daemon [_thread_blocked, id=8508, stack(0x0000000017620000,0x0000000017720000)]
  0x00000000158c7800 JavaThread "C1 CompilerThread2" daemon [_thread_blocked, id=4664, stack(0x0000000017120000,0x0000000017220000)]
  0x00000000158c2000 JavaThread "C2 CompilerThread1" daemon [_thread_blocked, id=9720, stack(0x0000000017020000,0x0000000017120000)]
  0x00000000158bd800 JavaThread "C2 CompilerThread0" daemon [_thread_blocked, id=7996, stack(0x0000000016f20000,0x0000000017020000)]
  0x00000000158bc000 JavaThread "Attach Listener" daemon [_thread_blocked, id=5992, stack(0x0000000016e20000,0x0000000016f20000)]
  0x00000000158bb000 JavaThread "Signal Dispatcher" daemon [_thread_blocked, id=8428, stack(0x0000000016d20000,0x0000000016e20000)]
  0x00000000158aa800 JavaThread "Finalizer" daemon [_thread_blocked, id=10304, stack(0x0000000016b20000,0x0000000016c20000)]
  0x00000000032b2800 JavaThread "Reference Handler" daemon [_thread_blocked, id=5996, stack(0x0000000016a20000,0x0000000016b20000)]

Other Threads:
  0x0000000015887800 VMThread [stack: 0x0000000016920000,0x0000000016a20000] [id=8036]
  0x000000001591e800 WatcherThread [stack: 0x0000000017720000,0x0000000017820000] [id=8748]

VM state:not at safepoint (normal execution)

VM Mutex/Monitor currently owned by a thread: None

Heap:
 PSYoungGen      total 18944K, used 5573K [0x00000000eb200000, 0x00000000ec700000, 0x0000000100000000)
  eden space 16384K, 34% used [0x00000000eb200000,0x00000000eb7716f0,0x00000000ec200000)
  from space 2560K, 0% used [0x00000000ec480000,0x00000000ec480000,0x00000000ec700000)
  to   space 2560K, 0% used [0x00000000ec200000,0x00000000ec200000,0x00000000ec480000)
 ParOldGen       total 44032K, used 0K [0x00000000c1600000, 0x00000000c4100000, 0x00000000eb200000)
  object space 44032K, 0% used [0x00000000c1600000,0x00000000c1600000,0x00000000c4100000)
 Metaspace       used 10538K, capacity 10790K, committed 11008K, reserved 1058816K
  class space    used 1320K, capacity 1420K, committed 1536K, reserved 1048576K

Card table byte_map: [0x0000000012680000,0x0000000012880000] byte_map_base: 0x0000000012075000

Marking Bits: (ParMarkBitMap*) 0x0000000053d80860
 Begin Bits: [0x0000000012dd0000, 0x0000000013d78000)
 End Bits:   [0x0000000013d78000, 0x0000000014d20000)

Polling page: 0x0000000003050000

CodeCache: size=245760Kb used=2073Kb max_used=2073Kb free=243686Kb
 bounds [0x00000000032c0000, 0x0000000003530000, 0x00000000122c0000]
 total_blobs=995 nmethods=527 adapters=381
 compilation: enabled

Compilation events (10 events):
Event: 6.215 Thread 0x00000000158c7800  523       3       javax.swing.JComponent::getX (5 bytes)
Event: 6.216 Thread 0x00000000158c7800 nmethod 523 0x00000000034c5610 code [0x00000000034c5760, 0x00000000034c58d0]
Event: 6.216 Thread 0x00000000158c7800  524       3       javax.swing.JComponent::getY (5 bytes)
Event: 6.216 Thread 0x00000000158c7800 nmethod 524 0x00000000034c5950 code [0x00000000034c5aa0, 0x00000000034c5c10]
Event: 6.217 Thread 0x00000000158c7800  525       3       sun.awt.EventQueueItem::<init> (10 bytes)
Event: 6.217 Thread 0x00000000158c7800 nmethod 525 0x00000000034c5c90 code [0x00000000034c5de0, 0x00000000034c5fb0]
Event: 6.218 Thread 0x00000000158c7800  526       3       sun.util.locale.LocaleUtils::toLower (17 bytes)
Event: 6.218 Thread 0x00000000158c7800 nmethod 526 0x00000000034c6050 code [0x00000000034c61c0, 0x00000000034c6430]
Event: 6.223 Thread 0x00000000158c7800  527       3       sun.java2d.pipe.Region::clipScale (41 bytes)
Event: 6.224 Thread 0x00000000158c7800 nmethod 527 0x00000000034c64d0 code [0x00000000034c6660, 0x00000000034c6928]

GC Heap History (0 events):
No events

Deoptimization events (6 events):
Event: 0.120 Thread 0x000000000307e800 Uncommon trap: reason=unstable_if action=reinterpret pc=0x00000000033db1e0 method=java.lang.String.equals(Ljava/lang/Object;)Z @ 53
Event: 0.839 Thread 0x000000000307e800 Uncommon trap: reason=null_check action=make_not_entrant pc=0x000000000343c868 method=java.lang.String.equals(Ljava/lang/Object;)Z @ 8
Event: 2.299 Thread 0x000000001c11e800 Uncommon trap: reason=class_check action=maybe_recompile pc=0x000000000345a268 method=java.lang.String.equals(Ljava/lang/Object;)Z @ 8
Event: 2.299 Thread 0x000000001c11e800 Uncommon trap: reason=class_check action=maybe_recompile pc=0x000000000345a268 method=java.lang.String.equals(Ljava/lang/Object;)Z @ 8
Event: 2.603 Thread 0x000000001c11e800 Uncommon trap: reason=class_check action=maybe_recompile pc=0x000000000345a268 method=java.lang.String.equals(Ljava/lang/Object;)Z @ 8
Event: 2.603 Thread 0x000000001c11e800 Uncommon trap: reason=class_check action=maybe_recompile pc=0x000000000345a268 method=java.lang.String.equals(Ljava/lang/Object;)Z @ 8

Classes redefined (0 events):
No events

Internal exceptions (10 events):
Event: 0.038 Thread 0x000000000307e800 Exception <a 'java/lang/NoSuchMethodError': Method sun.misc.Unsafe.prefetchRead(Ljava/lang/Object;J)V name or signature does not match> (0x00000000eb207f90) thrown at [C:\re\workspace\8-2-build-windows-amd64-cygwin\jdk8u152\9742\hotspot\src\share\vm\prims
Event: 0.635 Thread 0x000000000307e800 Exception <a 'java/security/PrivilegedActionException'> (0x00000000eb337a30) thrown at [C:\re\workspace\8-2-build-windows-amd64-cygwin\jdk8u152\9742\hotspot\src\share\vm\prims\jvm.cpp, line 1390]
Event: 0.635 Thread 0x000000000307e800 Exception <a 'java/security/PrivilegedActionException'> (0x00000000eb337c40) thrown at [C:\re\workspace\8-2-build-windows-amd64-cygwin\jdk8u152\9742\hotspot\src\share\vm\prims\jvm.cpp, line 1390]
Event: 0.636 Thread 0x000000000307e800 Exception <a 'java/security/PrivilegedActionException'> (0x00000000eb33bb50) thrown at [C:\re\workspace\8-2-build-windows-amd64-cygwin\jdk8u152\9742\hotspot\src\share\vm\prims\jvm.cpp, line 1390]
Event: 0.636 Thread 0x000000000307e800 Exception <a 'java/security/PrivilegedActionException'> (0x00000000eb33bd60) thrown at [C:\re\workspace\8-2-build-windows-amd64-cygwin\jdk8u152\9742\hotspot\src\share\vm\prims\jvm.cpp, line 1390]
Event: 0.639 Thread 0x000000000307e800 Exception <a 'java/io/FileNotFoundException'> (0x00000000eb33e210) thrown at [C:\re\workspace\8-2-build-windows-amd64-cygwin\jdk8u152\9742\hotspot\src\share\vm\prims\jni.cpp, line 709]
Event: 0.686 Thread 0x000000000307e800 Exception <a 'java/lang/NoSuchFieldError': method resolution failed> (0x00000000eb40bd90) thrown at [C:\re\workspace\8-2-build-windows-amd64-cygwin\jdk8u152\9742\hotspot\src\share\vm\prims\methodHandles.cpp, line 1167]
Event: 0.688 Thread 0x000000000307e800 Exception <a 'java/lang/NoSuchFieldError': method resolution failed> (0x00000000eb4190e0) thrown at [C:\re\workspace\8-2-build-windows-amd64-cygwin\jdk8u152\9742\hotspot\src\share\vm\prims\methodHandles.cpp, line 1167]
Event: 0.801 Thread 0x000000000307e800 Exception <a 'java/io/FileNotFoundException'> (0x00000000eb4b2d98) thrown at [C:\re\workspace\8-2-build-windows-amd64-cygwin\jdk8u152\9742\hotspot\src\share\vm\prims\jni.cpp, line 709]
Event: 0.839 Thread 0x000000000307e800 Implicit null exception at 0x000000000343c695 to 0x000000000343c859

Events (10 events):
Event: 5.983 loading class java/awt/LightweightDispatcher$1
Event: 5.983 loading class java/awt/LightweightDispatcher$1 done
Event: 5.983 loading class java/awt/event/AWTEventListenerProxy
Event: 5.983 loading class java/awt/event/AWTEventListenerProxy done
Event: 5.983 loading class java/awt/Toolkit$SelectiveAWTEventListener
Event: 5.983 loading class java/awt/Toolkit$SelectiveAWTEventListener done
Event: 5.983 loading class java/awt/Toolkit$ToolkitEventMulticaster
Event: 5.983 loading class java/awt/Toolkit$ToolkitEventMulticaster done
Event: 5.983 loading class java/awt/event/MouseWheelEvent
Event: 5.984 loading class java/awt/event/MouseWheelEvent done


Dynamic libraries:
0x00007ff6b8600000 - 0x00007ff6b8637000 	C:\Program Files\Java\jdk1.8.0_152\bin\java.exe
0x00007ff9b70e0000 - 0x00007ff9b72c1000 	C:\WINDOWS\SYSTEM32\ntdll.dll
0x00007ff9b6d60000 - 0x00007ff9b6e12000 	C:\WINDOWS\System32\KERNEL32.DLL
0x00007ff9b4080000 - 0x00007ff9b42f3000 	C:\WINDOWS\System32\KERNELBASE.dll
0x00007ff9b46d0000 - 0x00007ff9b4771000 	C:\WINDOWS\System32\ADVAPI32.dll
0x00007ff9b57e0000 - 0x00007ff9b587e000 	C:\WINDOWS\System32\msvcrt.dll
0x00007ff9b5770000 - 0x00007ff9b57cb000 	C:\WINDOWS\System32\sechost.dll
0x00007ff9b5640000 - 0x00007ff9b5764000 	C:\WINDOWS\System32\RPCRT4.dll
0x00007ff9b5410000 - 0x00007ff9b55a0000 	C:\WINDOWS\System32\USER32.dll
0x00007ff9b44b0000 - 0x00007ff9b44d0000 	C:\WINDOWS\System32\win32u.dll
0x00007ff9b53e0000 - 0x00007ff9b5408000 	C:\WINDOWS\System32\GDI32.dll
0x00007ff9b3700000 - 0x00007ff9b3892000 	C:\WINDOWS\System32\gdi32full.dll
0x00007ff9b44d0000 - 0x00007ff9b456f000 	C:\WINDOWS\System32\msvcp_win.dll
0x00007ff9b4300000 - 0x00007ff9b43fa000 	C:\WINDOWS\System32\ucrtbase.dll
0x00007ff9a5fe0000 - 0x00007ff9a6249000 	C:\WINDOWS\WinSxS\amd64_microsoft.windows.common-controls_6595b64144ccf1df_6.0.17134.48_none_b4b2216a3cb4dd3e\COMCTL32.dll
0x00007ff9b50b0000 - 0x00007ff9b53d3000 	C:\WINDOWS\System32\combase.dll
0x00007ff9b38a0000 - 0x00007ff9b391a000 	C:\WINDOWS\System32\bcryptPrimitives.dll
0x00007ff9b6d30000 - 0x00007ff9b6d5d000 	C:\WINDOWS\System32\IMM32.DLL
0x0000000053480000 - 0x0000000053552000 	C:\Program Files\Java\jdk1.8.0_152\jre\bin\msvcr100.dll
0x0000000053560000 - 0x0000000053e00000 	C:\Program Files\Java\jdk1.8.0_152\jre\bin\server\jvm.dll
0x00007ff9b57d0000 - 0x00007ff9b57d8000 	C:\WINDOWS\System32\PSAPI.DLL
0x00007ff9a5010000 - 0x00007ff9a501a000 	C:\WINDOWS\SYSTEM32\VERSION.dll
0x00007ff9aea20000 - 0x00007ff9aea43000 	C:\WINDOWS\SYSTEM32\WINMM.dll
0x00007ff99e180000 - 0x00007ff99e189000 	C:\WINDOWS\SYSTEM32\WSOCK32.dll
0x00007ff9b5880000 - 0x00007ff9b58ec000 	C:\WINDOWS\System32\WS2_32.dll
0x00007ff9ae9f0000 - 0x00007ff9aea1a000 	C:\WINDOWS\SYSTEM32\WINMMBASE.dll
0x00007ff9b3920000 - 0x00007ff9b3969000 	C:\WINDOWS\System32\cfgmgr32.dll
0x0000000053430000 - 0x000000005343f000 	C:\Program Files\Java\jdk1.8.0_152\jre\bin\verify.dll
0x0000000053400000 - 0x0000000053429000 	C:\Program Files\Java\jdk1.8.0_152\jre\bin\java.dll
0x00000000533e0000 - 0x00000000533f6000 	C:\Program Files\Java\jdk1.8.0_152\jre\bin\zip.dll
0x00007ff9b58f0000 - 0x00007ff9b6d30000 	C:\WINDOWS\System32\SHELL32.dll
0x00007ff9b4940000 - 0x00007ff9b49e9000 	C:\WINDOWS\System32\shcore.dll
0x00007ff9b3970000 - 0x00007ff9b407d000 	C:\WINDOWS\System32\windows.storage.dll
0x00007ff9b5050000 - 0x00007ff9b50a1000 	C:\WINDOWS\System32\shlwapi.dll
0x00007ff9b3490000 - 0x00007ff9b34a1000 	C:\WINDOWS\System32\kernel.appcore.dll
0x00007ff9b3420000 - 0x00007ff9b343f000 	C:\WINDOWS\System32\profapi.dll
0x00007ff9b3440000 - 0x00007ff9b348c000 	C:\WINDOWS\System32\powrprof.dll
0x00007ff9b33f0000 - 0x00007ff9b33fa000 	C:\WINDOWS\System32\FLTLIB.DLL
0x00007ff9a1650000 - 0x00007ff9a166d000 	C:\Program Files\Maple 2017\bin.X86_64_WINDOWS\jopenmaple.dll
0x00007ff9aff50000 - 0x00007ff9aff60000 	C:\WINDOWS\SYSTEM32\maplec.dll
0x00007ff9aa550000 - 0x00007ff9aa63f000 	C:\WINDOWS\SYSTEM32\MSVCR120.dll
0x0000000180000000 - 0x0000000180a0e000 	C:\Program Files\Maple 2017\bin.X86_64_WINDOWS\maple.dll
0x00007ff9b6e20000 - 0x00007ff9b6e3d000 	C:\WINDOWS\System32\imagehlp.dll
0x00007ff9b4570000 - 0x00007ff9b46c1000 	C:\WINDOWS\System32\ole32.dll
0x00007ff9a2d10000 - 0x00007ff9a2d27000 	C:\WINDOWS\SYSTEM32\NETAPI32.dll
0x00007ff9b4870000 - 0x00007ff9b4932000 	C:\WINDOWS\System32\OLEAUT32.dll
0x00007ff9affd0000 - 0x00007ff9affd7000 	C:\Program Files\Maple 2017\bin.X86_64_WINDOWS\libhf.dll
0x00007ff9b4780000 - 0x00007ff9b486d000 	C:\WINDOWS\System32\COMDLG32.dll
0x00007ff9aadb0000 - 0x00007ff9aadca000 	C:\WINDOWS\SYSTEM32\dhcpcsvc.DLL
0x00007ff9b6e40000 - 0x00007ff9b6e48000 	C:\WINDOWS\System32\NSI.dll
0x00007ff9aff70000 - 0x00007ff9aff85000 	C:\Program Files\Maple 2017\bin.X86_64_WINDOWS\pthreadVC2.dll
0x00007ff97e030000 - 0x00007ff97e731000 	C:\Program Files\Maple 2017\bin.X86_64_WINDOWS\workbook.dll
0x00007ff982ec0000 - 0x00007ff983202000 	C:\Program Files\Maple 2017\bin.X86_64_WINDOWS\libmmd.dll
0x00007ff9af2d0000 - 0x00007ff9af2f2000 	C:\Program Files\Maple 2017\bin.X86_64_WINDOWS\mapleboost_filesystem-vc120-mt-1_59.dll
0x00007ff9a13c0000 - 0x00007ff9a14a5000 	C:\Program Files\Maple 2017\bin.X86_64_WINDOWS\mapleboost_regex-vc120-mt-1_59.dll
0x00007ff9aff60000 - 0x00007ff9aff6a000 	C:\Program Files\Maple 2017\bin.X86_64_WINDOWS\mapleboost_system-vc120-mt-1_59.dll
0x00007ff9a14b0000 - 0x00007ff9a152b000 	C:\Program Files\Maple 2017\bin.X86_64_WINDOWS\mapleboost_locale-vc120-mt-1_59.dll
0x00007ff9aa480000 - 0x00007ff9aa526000 	C:\WINDOWS\SYSTEM32\MSVCP120.dll
0x0000000052040000 - 0x0000000052205000 	C:\Program Files\Maple 2017\bin.X86_64_WINDOWS\icuucmpl56.dll
0x0000000051d90000 - 0x0000000052035000 	C:\Program Files\Maple 2017\bin.X86_64_WINDOWS\icuinmpl56.dll
0x00007ff998ce0000 - 0x00007ff998e1f000 	C:\Program Files\Maple 2017\bin.X86_64_WINDOWS\libxml2.dll
0x0000000017860000 - 0x0000000019045000 	C:\Program Files\Maple 2017\bin.X86_64_WINDOWS\icudtmpl56.dll
0x00007ff9b2c70000 - 0x00007ff9b2cd6000 	C:\WINDOWS\system32\mswsock.dll
0x00007ff99f230000 - 0x00007ff99f246000 	C:\WINDOWS\system32\napinsp.dll
0x00007ff99efd0000 - 0x00007ff99efea000 	C:\WINDOWS\system32\pnrpnsp.dll
0x00007ff9aff30000 - 0x00007ff9aff49000 	C:\WINDOWS\system32\NLAapi.dll
0x00007ff9b2a30000 - 0x00007ff9b2aee000 	C:\WINDOWS\SYSTEM32\DNSAPI.dll
0x00007ff9b29f0000 - 0x00007ff9b2a28000 	C:\WINDOWS\SYSTEM32\IPHLPAPI.DLL
0x00007ff99efc0000 - 0x00007ff99efce000 	C:\WINDOWS\System32\winrnr.dll
0x00007ff9a62f0000 - 0x00007ff9a62fa000 	C:\Windows\System32\rasadhlp.dll
0x00000000669c0000 - 0x0000000066a4a000 	C:\Program Files\Maple 2017\bin.X86_64_WINDOWS\libmaplegmp-10.dll
0x0000000019190000 - 0x0000000019193000 	C:\WINDOWS\SYSTEM32\icmp.Dll
0x00007ff9a5cd0000 - 0x00007ff9a5d42000 	C:\WINDOWS\System32\fwpuclnt.dll
0x00007ff9b2f50000 - 0x00007ff9b2f75000 	C:\WINDOWS\SYSTEM32\bcrypt.dll
0x00007ff9b32f0000 - 0x00007ff9b3320000 	C:\WINDOWS\SYSTEM32\SspiCli.dll
0x0000000053200000 - 0x0000000053398000 	C:\Program Files\Java\jdk1.8.0_152\jre\bin\awt.dll
0x00007ff9b1480000 - 0x00007ff9b150b000 	C:\WINDOWS\SYSTEM32\apphelp.dll
0x00007ff9b1890000 - 0x00007ff9b18b9000 	C:\WINDOWS\system32\DWMAPI.DLL
0x00007ff9b1600000 - 0x00007ff9b1698000 	C:\WINDOWS\system32\uxtheme.dll
0x00007ff994590000 - 0x00007ff9946b0000 	C:\WINDOWS\system32\opengl32.dll
0x00007ff99e5b0000 - 0x00007ff99e5dc000 	C:\WINDOWS\SYSTEM32\GLU32.dll
0x00007ff9b6eb0000 - 0x00007ff9b7025000 	C:\WINDOWS\System32\MSCTF.dll
0x00007ff97bff0000 - 0x00007ff97cd07000 	C:\WINDOWS\SYSTEM32\ig8icd64.dll
0x00007ff9abf80000 - 0x00007ff9ac9c0000 	C:\WINDOWS\SYSTEM32\igdusc64.dll
0x00007ff9ae870000 - 0x00007ff9ae883000 	C:\WINDOWS\SYSTEM32\WTSAPI32.dll
0x00000000531b0000 - 0x00000000531f7000 	C:\Program Files\Java\jdk1.8.0_152\jre\bin\fontmanager.dll
0x00000000533c0000 - 0x00000000533da000 	C:\Program Files\Java\jdk1.8.0_152\jre\bin\net.dll
0x00000000533a0000 - 0x00000000533b1000 	C:\Program Files\Java\jdk1.8.0_152\jre\bin\nio.dll
0x0000000053160000 - 0x00000000531a2000 	C:\Program Files\Java\jdk1.8.0_152\jre\bin\t2k.dll
0x00007ff9b55a0000 - 0x00007ff9b5640000 	C:\WINDOWS\System32\clbcatq.dll
0x00007ff9ae530000 - 0x00007ff9ae6de000 	C:\WINDOWS\SYSTEM32\WindowsCodecs.dll
0x00007ff9994b0000 - 0x00007ff999508000 	C:\WINDOWS\system32\dataexchange.dll
0x00007ff9b0da0000 - 0x00007ff9b0f3c000 	C:\WINDOWS\system32\dcomp.dll
0x00007ff9b04c0000 - 0x00007ff9b07cb000 	C:\WINDOWS\system32\d3d11.dll
0x00007ff9b21b0000 - 0x00007ff9b226b000 	C:\WINDOWS\system32\dxgi.dll
0x00007ff9b19a0000 - 0x00007ff9b1b58000 	C:\WINDOWS\system32\twinapi.appcore.dll
0x00007ff9b1bb0000 - 0x00007ff9b1bd1000 	C:\WINDOWS\system32\RMCLIENT.dll
0x00007ff9a97c0000 - 0x00007ff9a9858000 	C:\WINDOWS\System32\TextInputFramework.dll
0x00007ff9b1280000 - 0x00007ff9b135a000 	C:\WINDOWS\System32\CoreMessaging.dll
0x00007ff9ae050000 - 0x00007ff9ae36e000 	C:\WINDOWS\System32\CoreUIComponents.dll
0x00007ff9aef60000 - 0x00007ff9af0ad000 	C:\WINDOWS\SYSTEM32\wintypes.dll
0x00007ff9b24e0000 - 0x00007ff9b2511000 	C:\WINDOWS\SYSTEM32\ntmarta.dll
0x00007ff9786e0000 - 0x00007ff979aa4000 	C:\Program Files\Maple 2017\bin.X86_64_WINDOWS\mstring.dll
0x00007ff9a5020000 - 0x00007ff9a51e9000 	C:\WINDOWS\SYSTEM32\dbghelp.dll

VM Arguments:
jvm_args: -Dfile.encoding=UTF-8 
java_command: ptvp.PTVP
java_class_path (initial): C:\Program Files\Maple 2017\java\Maple.jar;C:\Program Files\Maple 2017\java\externalcall.jar;D:\Java\Projects\PTVP\build\classes
Launcher Type: SUN_STANDARD

Environment Variables:
PATH=C:\Program Files\Maple 2017\jre\bin\server;C:\Program Files\Maple 2017\bin.X86_64_WINDOWS;C:\Program Files\Java\jdk1.8.0_152\bin;C:\Program Files (x86)\swipl\bin;C:\WINDOWS\system32;C:\WINDOWS;C:\WINDOWS\System32\Wbem;C:\WINDOWS\System32\WindowsPowerShell\v1.0\;C:\Program Files\Microsoft SQL Server\110\Tools\Binn\;C:\Program Files (x86)\GtkSharp\2.12\bin;C:\Program Files (x86)\Microsoft SDKs\TypeScript\1.0\;C:\Program Files\Microsoft SQL Server\120\Tools\Binn\;C:\xampp\php;C:\ProgramData\ComposerSetup\bin;D:\Py;C:\Program Files\Maple 2017\bin.X86_64_WINDOWS;C:\Program Files\Maple 2017;;C:\WINDOWS\System32\OpenSSH\;C:\Program Files (x86)\QuickTime\QTSystem\;C:\Program Files\Microsoft VS Code\bin;C:\Users\Hanh\AppData\Local\Microsoft\WindowsApps;C:\Users\Hanh\AppData\Local\Programs\MiKTeX 2.9\miktex\bin\x64\
USERNAME=Hanh
OS=Windows_NT
PROCESSOR_IDENTIFIER=Intel64 Family 6 Model 61 Stepping 4, GenuineIntel



---------------  S Y S T E M  ---------------

OS: Windows 10.0 , 64 bit Build 17134 (10.0.17134.1)

CPU:total 4 (initial active 4) (2 cores per cpu, 2 threads per core) family 6 model 61 stepping 4, cmov, cx8, fxsr, mmx, sse, sse2, sse3, ssse3, sse4.1, sse4.2, popcnt, avx, avx2, aes, clmul, erms, 3dnowpref, lzcnt, ht, tsc, tscinvbit, bmi1, bmi2, adx

Memory: 4k page, physical 4103580k(678188k free), swap 6069660k(1139248k free)

vm_info: Java HotSpot(TM) 64-Bit Server VM (25.152-b16) for windows-amd64 JRE (1.8.0_152-b16), built on Sep 14 2017 02:29:36 by "java_re" with MS VC++ 10.0 (VS2010)

time: Wed Jun 13 16:36:06 2018
elapsed time: 6 seconds (0d 0h 0m 6s)

